Traceback (most recent call last):
  File "/usr/lib/python3.5/runpy.py", line 184, in _run_module_as_main
    "__main__", mod_spec)
  File "/usr/lib/python3.5/runpy.py", line 85, in _run_code
    exec(code, run_globals)
  File "/home/holgus103/.local/lib/python3.5/site-packages/tensorboard/main.py", line 28, in <module>
    import tensorflow as tf
  File "/usr/local/lib/python3.5/dist-packages/tensorflow/__init__.py", line 24, in <module>
    from tensorflow.python import *
  File "/usr/local/lib/python3.5/dist-packages/tensorflow/python/__init__.py", line 94, in <module>
    from tensorflow.python.profiler import profiler
  File "/usr/local/lib/python3.5/dist-packages/tensorflow/python/profiler/profiler.py", line 22, in <module>
    from tensorflow.core.profiler.tfprof_log_pb2 import OpLogProto
  File "<frozen importlib._bootstrap>", line 969, in _find_and_load
  File "<frozen importlib._bootstrap>", line 958, in _find_and_load_unlocked
  File "<frozen importlib._bootstrap>", line 673, in _load_unlocked
  File "<frozen importlib._bootstrap_external>", line 661, in exec_module
  File "<frozen importlib._bootstrap_external>", line 750, in get_code
  File "<frozen importlib._bootstrap_external>", line 819, in get_data
KeyboardInterrupt
