Reading line 100
Reading line 200
Reading line 300
Reading line 400
Reading line 500
Reading line 600
Reading line 700
Reading line 800
Reading line 900
Reading line 1000
Reading line 1100
Reading line 1200
Reading line 1300
Reading line 1400
Reading line 1500
Reading line 1600
Reading line 1700
Reading line 1800
Reading line 1900
Reading line 2000
Reading line 2100
Reading line 2200
Reading line 2300
Reading line 2400
Reading line 2500
Reading line 2600
Reading line 2700
Reading line 2800
Reading line 2900
Reading line 3000
Reading line 3100
Reading line 3200
Reading line 3300
Reading line 3400
Reading line 3500
Reading line 3600
Reading line 3700
Reading line 3800
Reading line 3900
Reading line 4000
Reading line 4100
Reading line 4200
Reading line 4300
Reading line 4400
Reading line 4500
Reading line 4600
Reading line 4700
Reading line 4800
Reading line 4900
Reading line 5000
Reading line 5100
Reading line 5200
Reading line 5300
Reading line 5400
Reading line 5500
Reading line 5600
Reading line 5700
Reading line 5800
Reading line 5900
Reading line 6000
Reading line 6100
Reading line 6200
Reading line 6300
Reading line 6400
Reading line 6500
Reading line 6600
Reading line 6700
Reading line 6800
Reading line 6900
Reading line 7000
Reading line 7100
Reading line 7200
Reading line 7300
Reading line 7400
Reading line 7500
Reading line 7600
Reading line 7700
Reading line 7800
Reading line 7900
Reading line 8000
Reading line 8100
Reading line 8200
Reading line 8300
Reading line 8400
Reading line 8500
Reading line 8600
Reading line 8700
Reading line 8800
Reading line 8900
Reading line 9000
Reading line 9100
Reading line 9200
Reading line 9300
Reading line 9400
Reading line 9500
Reading line 9600
Reading line 9700
Reading line 9800
Reading line 9900
Reading line 10000
Reading line 10100
Reading line 10200
Reading line 10300
Reading line 10400
Reading line 10500
Reading line 10600
Reading line 10700
Reading line 10800
Reading line 10900
Reading line 11000
Reading line 11100
Reading line 11200
Reading line 11300
Reading line 11400
Reading line 11500
Reading line 11600
Reading line 11700
Reading line 11800
Reading line 11900
Reading line 12000
Reading line 12100
Reading line 12200
Reading line 12300
Reading line 12400
Reading line 12500
Reading line 12600
Reading line 12700
Reading line 12800
Reading line 12900
Reading line 13000
Reading line 13100
Reading line 13200
Reading line 13300
Reading line 13400
Reading line 13500
Reading line 13600
Reading line 13700
Reading line 13800
Reading line 13900
Reading line 14000
Reading line 14100
Reading line 14200
Reading line 14300
Reading line 14400
Reading line 14500
Reading line 14600
Reading line 14700
Reading line 14800
Reading line 14900
Reading line 15000
Reading line 15100
Reading line 15200
Reading line 15300
Reading line 15400
Reading line 15500
Reading line 15600
Reading line 15700
Reading line 15800
Reading line 15900
Reading line 16000
Reading line 16100
Reading line 16200
Reading line 16300
Reading line 16400
Reading line 16500
Reading line 16600
Reading line 16700
Reading line 16800
Reading line 16900
Reading line 17000
Reading line 17100
Reading line 17200
Reading line 17300
Reading line 17400
Reading line 17500
Reading line 17600
Reading line 17700
Reading line 17800
Reading line 17900
Reading line 18000
Reading line 18100
Reading line 18200
Reading line 18300
Reading line 18400
Reading line 18500
Reading line 18600
Reading line 18700
Reading line 18800
Reading line 18900
Reading line 19000
Reading line 19100
Reading line 19200
Reading line 19300
Reading line 19400
Reading line 19500
Reading line 19600
Reading line 19700
Reading line 19800
Reading line 19900
Reading line 20000
Reading line 20100
Reading line 20200
Reading line 20300
Reading line 20400
Reading line 20500
Reading line 20600
Reading line 20700
Reading line 20800
Reading line 20900
Reading line 21000
Reading line 21100
Reading line 21200
Reading line 21300
Reading line 21400
Reading line 21500
Reading line 21600
Reading line 21700
Reading line 21800
Reading line 21900
Reading line 22000
Reading line 22100
Reading line 22200
Reading line 22300
Reading line 22400
Reading line 22500
Reading line 22600
Reading line 22700
Reading line 22800
Reading line 22900
Reading line 23000
Reading line 23100
Reading line 23200
Reading line 23300
Reading line 23400
Reading line 23500
Reading line 23600
Reading line 23700
Reading line 23800
Reading line 23900
Reading line 24000
Reading line 24100
Reading line 24200
Reading line 24300
Reading line 24400
Reading line 24500
Reading line 24600
Reading line 24700
Reading line 24800
Reading line 24900
Reading line 25000
Reading line 25100
Reading line 25200
Reading line 25300
Reading line 25400
Reading line 25500
Reading line 25600
Reading line 25700
Reading line 25800
Reading line 25900
Reading line 26000
Reading line 26100
Reading line 26200
Reading line 26300
Reading line 26400
Reading line 26500
Reading line 26600
Reading line 26700
Reading line 26800
Reading line 26900
Reading line 27000
Reading line 27100
Reading line 27200
Reading line 27300
Reading line 27400
Reading line 27500
Reading line 27600
Reading line 27700
Reading line 27800
Reading line 27900
Reading line 28000
Reading line 28100
Reading line 28200
Reading line 28300
Reading line 28400
Reading line 28500
Reading line 28600
Reading line 28700
Reading line 28800
Reading line 28900
Reading line 29000
Reading line 29100
Reading line 29200
Reading line 29300
Reading line 29400
Reading line 29500
Reading line 29600
Reading line 29700
Reading line 29800
Reading line 29900
Reading line 30000
Reading line 30100
Reading line 30200
Reading line 30300
Reading line 30400
Reading line 30500
Reading line 30600
Reading line 30700
Reading line 30800
Reading line 30900
Reading line 31000
Reading line 31100
Reading line 31200
Reading line 31300
Reading line 31400
Reading line 31500
Reading line 31600
Reading line 31700
Reading line 31800
Reading line 31900
Reading line 32000
Reading line 32100
Reading line 32200
Reading line 32300
Reading line 32400
Reading line 32500
Reading line 32600
Reading line 32700
Reading line 32800
Reading line 32900
Reading line 33000
Reading line 33100
Reading line 33200
Reading line 33300
Reading line 33400
Reading line 33500
Reading line 33600
Reading line 33700
Reading line 33800
Reading line 33900
Reading line 34000
Reading line 34100
Reading line 34200
Reading line 34300
Reading line 34400
Reading line 34500
Reading line 34600
Reading line 34700
Reading line 34800
Reading line 34900
Reading line 35000
Reading line 35100
Reading line 35200
Reading line 35300
Reading line 35400
Reading line 35500
Reading line 35600
Reading line 35700
Reading line 35800
Reading line 35900
Reading line 36000
Reading line 36100
Reading line 36200
Reading line 36300
Reading line 36400
Reading line 36500
Reading line 36600
Reading line 36700
Reading line 36800
Reading line 36900
Reading line 37000
Reading line 37100
Reading line 37200
Reading line 37300
Reading line 37400
Reading line 37500
Reading line 37600
Reading line 37700
Reading line 37800
Reading line 37900
Reading line 38000
Reading line 38100
Reading line 38200
Reading line 38300
Reading line 38400
Reading line 38500
Reading line 38600
Reading line 38700
Reading line 38800
Reading line 38900
Reading line 39000
Reading line 39100
Reading line 39200
Reading line 39300
Reading line 39400
Reading line 39500
Reading line 39600
Reading line 39700
Reading line 39800
Reading line 39900
Reading line 40000
Reading line 40100
Reading line 40200
Reading line 40300
Reading line 40400
Reading line 40500
Reading line 40600
Reading line 40700
Reading line 40800
Reading line 40900
Reading line 41000
Reading line 41100
Reading line 41200
Reading line 41300
Reading line 41400
Reading line 41500
Reading line 41600
Reading line 41700
Reading line 41800
Reading line 41900
Reading line 42000
Reading line 42100
Reading line 42200
Reading line 42300
Reading line 42400
Reading line 42500
Reading line 42600
Reading line 42700
Reading line 42800
Reading line 42900
Reading line 43000
Reading line 43100
Reading line 43200
Reading line 43300
Reading line 43400
Reading line 43500
Reading line 43600
Reading line 43700
Reading line 43800
Reading line 43900
Reading line 44000
Reading line 44100
Reading line 44200
Reading line 44300
Reading line 44400
Reading line 44500
Reading line 44600
Reading line 44700
Reading line 44800
Reading line 44900
Reading line 45000
Reading line 45100
Reading line 45200
Reading line 45300
Reading line 45400
Reading line 45500
Reading line 45600
Reading line 45700
Reading line 45800
Reading line 45900
Reading line 46000
Reading line 46100
Reading line 46200
Reading line 46300
Reading line 46400
Reading line 46500
Reading line 46600
Reading line 46700
Reading line 46800
Reading line 46900
Reading line 47000
Reading line 47100
Reading line 47200
Reading line 47300
Reading line 47400
Reading line 47500
Reading line 47600
Reading line 47700
Reading line 47800
Reading line 47900
Reading line 48000
Reading line 48100
Reading line 48200
Reading line 48300
Reading line 48400
Reading line 48500
Reading line 48600
Reading line 48700
Reading line 48800
Reading line 48900
Reading line 49000
Reading line 49100
Reading line 49200
Reading line 49300
Reading line 49400
Reading line 49500
Reading line 49600
Reading line 49700
Reading line 49800
Reading line 49900
Reading line 50000
appending 0
appending 100
appending 200
appending 300
appending 400
appending 500
appending 600
appending 700
appending 800
appending 900
appending 1000
appending 1100
appending 1200
appending 1300
appending 1400
appending 1500
appending 1600
appending 1700
appending 1800
appending 1900
appending 2000
appending 2100
appending 2200
appending 2300
appending 2400
appending 2500
appending 2600
appending 2700
appending 2800
appending 2900
appending 3000
appending 3100
appending 3200
appending 3300
appending 3400
appending 3500
appending 3600
appending 3700
appending 3800
appending 3900
appending 4000
appending 4100
appending 4200
appending 4300
appending 4400
appending 4500
appending 4600
appending 4700
appending 4800
appending 4900
appending 5000
appending 5100
appending 5200
appending 5300
appending 5400
appending 5500
appending 5600
appending 5700
appending 5800
appending 5900
appending 6000
appending 6100
appending 6200
appending 6300
appending 6400
appending 6500
appending 6600
appending 6700
appending 6800
appending 6900
appending 7000
appending 7100
appending 7200
appending 7300
appending 7400
appending 7500
appending 7600
appending 7700
appending 7800
appending 7900
appending 8000
appending 8100
appending 8200
appending 8300
appending 8400
appending 8500
appending 8600
appending 8700
appending 8800
appending 8900
appending 9000
appending 9100
appending 9200
appending 9300
appending 9400
appending 9500
appending 9600
appending 9700
appending 9800
appending 9900
appending 10000
appending 10100
appending 10200
appending 10300
appending 10400
appending 10500
appending 10600
appending 10700
appending 10800
appending 10900
appending 11000
appending 11100
appending 11200
appending 11300
appending 11400
appending 11500
appending 11600
appending 11700
appending 11800
appending 11900
appending 12000
appending 12100
appending 12200
appending 12300
appending 12400
appending 12500
appending 12600
appending 12700
appending 12800
appending 12900
appending 13000
appending 13100
appending 13200
appending 13300
appending 13400
appending 13500
appending 13600
appending 13700
appending 13800
appending 13900
appending 14000
appending 14100
appending 14200
appending 14300
appending 14400
appending 14500
appending 14600
appending 14700
appending 14800
appending 14900
appending 15000
appending 15100
appending 15200
appending 15300
appending 15400
appending 15500
appending 15600
appending 15700
appending 15800
appending 15900
appending 16000
appending 16100
appending 16200
appending 16300
appending 16400
appending 16500
appending 16600
appending 16700
appending 16800
appending 16900
appending 17000
appending 17100
appending 17200
appending 17300
appending 17400
appending 17500
appending 17600
appending 17700
appending 17800
appending 17900
appending 18000
appending 18100
appending 18200
appending 18300
appending 18400
appending 18500
appending 18600
appending 18700
appending 18800
appending 18900
appending 19000
appending 19100
appending 19200
appending 19300
appending 19400
appending 19500
appending 19600
appending 19700
appending 19800
appending 19900
appending 20000
appending 20100
appending 20200
appending 20300
appending 20400
appending 20500
appending 20600
appending 20700
appending 20800
appending 20900
appending 21000
appending 21100
appending 21200
appending 21300
appending 21400
appending 21500
appending 21600
appending 21700
appending 21800
appending 21900
appending 22000
appending 22100
appending 22200
appending 22300
appending 22400
appending 22500
appending 22600
appending 22700
appending 22800
appending 22900
appending 23000
appending 23100
appending 23200
appending 23300
appending 23400
appending 23500
appending 23600
appending 23700
appending 23800
appending 23900
appending 24000
appending 24100
appending 24200
appending 24300
appending 24400
appending 24500
appending 24600
appending 24700
appending 24800
appending 24900
appending 25000
appending 25100
appending 25200
appending 25300
appending 25400
appending 25500
appending 25600
appending 25700
appending 25800
appending 25900
appending 26000
appending 26100
appending 26200
appending 26300
appending 26400
appending 26500
appending 26600
appending 26700
appending 26800
appending 26900
appending 27000
appending 27100
appending 27200
appending 27300
appending 27400
appending 27500
appending 27600
appending 27700
appending 27800
appending 27900
appending 28000
appending 28100
appending 28200
appending 28300
appending 28400
appending 28500
appending 28600
appending 28700
appending 28800
appending 28900
appending 29000
appending 29100
appending 29200
appending 29300
appending 29400
appending 29500
appending 29600
appending 29700
appending 29800
appending 29900
appending 30000
appending 30100
appending 30200
appending 30300
appending 30400
appending 30500
appending 30600
appending 30700
appending 30800
appending 30900
appending 31000
appending 31100
appending 31200
appending 31300
appending 31400
appending 31500
appending 31600
appending 31700
appending 31800
appending 31900
appending 32000
appending 32100
appending 32200
appending 32300
appending 32400
appending 32500
appending 32600
appending 32700
appending 32800
appending 32900
appending 0
appending 100
appending 200
appending 300
appending 400
appending 500
appending 600
appending 700
appending 800
appending 900
appending 1000
appending 1100
appending 1200
appending 1300
appending 1400
appending 1500
appending 1600
appending 1700
appending 1800
appending 1900
appending 2000
appending 2100
appending 2200
appending 2300
appending 2400
appending 2500
appending 2600
appending 2700
appending 2800
appending 2900
appending 3000
appending 3100
appending 3200
appending 3300
appending 3400
appending 3500
appending 3600
appending 3700
appending 3800
appending 3900
appending 4000
appending 4100
appending 4200
appending 4300
appending 4400
appending 4500
appending 4600
appending 4700
appending 4800
appending 4900
appending 5000
appending 5100
appending 5200
appending 5300
appending 5400
appending 5500
appending 5600
appending 5700
appending 5800
appending 5900
appending 6000
appending 6100
appending 6200
appending 6300
appending 6400
appending 6500
appending 6600
appending 6700
appending 6800
appending 6900
appending 7000
appending 7100
appending 7200
appending 7300
appending 7400
appending 7500
appending 7600
appending 7700
appending 7800
appending 7900
appending 8000
appending 8100
appending 8200
appending 8300
appending 8400
appending 8500
appending 8600
appending 8700
appending 8800
appending 8900
appending 9000
appending 9100
appending 9200
appending 9300
appending 9400
appending 9500
appending 9600
appending 9700
appending 9800
appending 9900
appending 10000
appending 10100
appending 10200
appending 10300
appending 10400
appending 10500
appending 10600
appending 10700
appending 10800
appending 10900
appending 11000
appending 11100
appending 11200
appending 11300
appending 11400
appending 11500
appending 11600
appending 11700
appending 11800
appending 11900
appending 12000
appending 121002018-03-05 21:56:44.291211: I tensorflow/core/common_runtime/gpu/gpu_device.cc:1030] Found device 0 with properties: 
name: GeForce GTX 1060 6GB major: 6 minor: 1 memoryClockRate(GHz): 1.7085
pciBusID: 0000:01:00.0
totalMemory: 5.93GiB freeMemory: 5.86GiB
2018-03-05 21:56:44.291291: I tensorflow/core/common_runtime/gpu/gpu_device.cc:1120] Creating TensorFlow device (/device:GPU:0) -> (device: 0, name: GeForce GTX 1060 6GB, pci bus id: 0000:01:00.0, compute capability: 6.1)

appending 12200
appending 12300
appending 12400
appending 12500
appending 12600
appending 12700
appending 12800
appending 12900
appending 13000
appending 13100
appending 13200
appending 13300
appending 13400
appending 13500
appending 13600
appending 13700
appending 13800
appending 13900
appending 14000
appending 14100
appending 14200
appending 14300
appending 14400
appending 14500
appending 14600
appending 14700
appending 14800
appending 14900
appending 15000
appending 15100
appending 15200
appending 15300
appending 15400
appending 15500
appending 15600
appending 15700
appending 15800
appending 15900
appending 16000
appending 16100
appending 16200
appending 16300
appending 16400
appending 16500
appending 16600
appending 16700
appending 16800
appending 16900
appending 17000
659980
659980
340020
340020
164995
pretraining 0 - it 0 - lval 701.6375122070312
pretraining 0 - it 100 - lval 163.73553466796875
pretraining 0 - it 200 - lval 86.00765991210938
pretraining 0 - it 300 - lval 59.7733154296875
pretraining 0 - it 400 - lval 40.854713439941406
pretraining 0 - it 500 - lval 27.777830123901367
pretraining 0 - it 600 - lval 19.065404891967773
pretraining 0 - it 700 - lval 13.497136116027832
pretraining 0 - it 800 - lval 10.117137908935547
pretraining 0 - it 900 - lval 8.220110893249512
pretraining 0 - it 1000 - lval 7.223783493041992
pretraining 0 - it 1100 - lval 6.674591541290283
pretraining 0 - it 1200 - lval 6.326005935668945
pretraining 0 - it 1300 - lval 6.075936317443848
pretraining 0 - it 1400 - lval 5.8853936195373535
pretraining 0 - it 1500 - lval 5.737287998199463
pretraining 0 - it 1600 - lval 5.621197700500488
pretraining 0 - it 1700 - lval 5.528301239013672
pretraining 0 - it 1800 - lval 5.450716018676758
pretraining 0 - it 1900 - lval 5.383511543273926
pretraining 0 - it 2000 - lval 5.324219703674316
pretraining 0 - it 2100 - lval 5.271315574645996
pretraining 0 - it 2200 - lval 5.223683834075928
pretraining 0 - it 2300 - lval 5.180480480194092
pretraining 0 - it 2400 - lval 5.141051292419434
pretraining 0 - it 2500 - lval 5.1048173904418945
pretraining 0 - it 2600 - lval 5.071390628814697
pretraining 0 - it 2700 - lval 5.040348529815674
pretraining 0 - it 2800 - lval 5.011404037475586
pretraining 0 - it 2900 - lval 4.984221458435059
pretraining 0 - it 3000 - lval 4.9585466384887695
pretraining 0 - it 3100 - lval 4.934159278869629
pretraining 0 - it 3200 - lval 4.910836696624756
pretraining 0 - it 3300 - lval 4.888413429260254
pretraining 0 - it 3400 - lval 4.866724014282227
pretraining 0 - it 3500 - lval 4.845544338226318
pretraining 0 - it 3600 - lval 4.824831008911133
pretraining 0 - it 3700 - lval 4.804515838623047
pretraining 0 - it 3800 - lval 4.784321308135986
pretraining 0 - it 3900 - lval 4.764323711395264
pretraining 0 - it 4000 - lval 4.744328022003174
pretraining 0 - it 4100 - lval 4.724231243133545
pretraining 0 - it 4200 - lval 4.70398473739624
pretraining 0 - it 4300 - lval 4.683464050292969
pretraining 0 - it 4400 - lval 4.662471771240234
pretraining 0 - it 4500 - lval 4.640809535980225
pretraining 0 - it 4600 - lval 4.618381023406982
pretraining 0 - it 4700 - lval 4.59490966796875
pretraining 0 - it 4800 - lval 4.570112228393555
pretraining 0 - it 4900 - lval 4.543607234954834
pretraining 0 - it 5000 - lval 4.515256404876709
pretraining 0 - it 5100 - lval 4.485076904296875
pretraining 0 - it 5200 - lval 4.453338146209717
pretraining 0 - it 5300 - lval 4.420712947845459
pretraining 0 - it 5400 - lval 4.387675762176514
pretraining 0 - it 5500 - lval 4.354493141174316
pretraining 0 - it 5600 - lval 4.321077823638916
pretraining 0 - it 5700 - lval 4.287242889404297
pretraining 0 - it 5800 - lval 4.253066539764404
pretraining 0 - it 5900 - lval 4.2186079025268555
pretraining 0 - it 6000 - lval 4.183948040008545
pretraining 0 - it 6100 - lval 4.149252891540527
pretraining 0 - it 6200 - lval 4.114902496337891
pretraining 0 - it 6300 - lval 4.081396579742432
pretraining 0 - it 6400 - lval 4.049327373504639
pretraining 0 - it 6500 - lval 4.019008159637451
pretraining 0 - it 6600 - lval 3.9904844760894775
pretraining 0 - it 6700 - lval 3.963671922683716
pretraining 0 - it 6800 - lval 3.9384920597076416
pretraining 0 - it 6900 - lval 3.9148120880126953
pretraining 0 - it 7000 - lval 3.8924293518066406
pretraining 0 - it 7100 - lval 3.871121883392334
pretraining 0 - it 7200 - lval 3.850698947906494
pretraining 0 - it 7300 - lval 3.8310933113098145
pretraining 0 - it 7400 - lval 3.8122670650482178
pretraining 0 - it 7500 - lval 3.7941815853118896
pretraining 0 - it 7600 - lval 3.7767629623413086
pretraining 0 - it 7700 - lval 3.7599782943725586
pretraining 0 - it 7800 - lval 3.7438316345214844
pretraining 0 - it 7900 - lval 3.7283380031585693
pretraining 0 - it 8000 - lval 3.713524341583252
pretraining 0 - it 8100 - lval 3.6994075775146484
pretraining 0 - it 8200 - lval 3.6859822273254395
pretraining 0 - it 8300 - lval 3.673229455947876
pretraining 0 - it 8400 - lval 3.6611268520355225
pretraining 0 - it 8500 - lval 3.6496477127075195
pretraining 0 - it 8600 - lval 3.638766288757324
pretraining 0 - it 8700 - lval 3.6284592151641846
pretraining 0 - it 8800 - lval 3.6186914443969727
pretraining 0 - it 8900 - lval 3.609409809112549
pretraining 0 - it 9000 - lval 3.600534200668335
pretraining 0 - it 9100 - lval 3.5919883251190186
pretraining 0 - it 9200 - lval 3.583749532699585
pretraining 0 - it 9300 - lval 3.5758402347564697
pretraining 0 - it 9400 - lval 3.568277359008789
terminating due to no improvement
pretraining 0 - it 9400 - lval 3.568277359008789
pretraining 1 - it 0 - lval 307.3782653808594
pretraining 1 - it 100 - lval 201.4165496826172
pretraining 1 - it 200 - lval 137.4335479736328
pretraining 1 - it 300 - lval 115.36337280273438
pretraining 1 - it 400 - lval 100.06383514404297
pretraining 1 - it 500 - lval 86.88604736328125
pretraining 1 - it 600 - lval 75.48313903808594
pretraining 1 - it 700 - lval 65.75405883789062
pretraining 1 - it 800 - lval 57.494178771972656
pretraining 1 - it 900 - lval 50.54185104370117
pretraining 1 - it 1000 - lval 44.73189926147461
pretraining 1 - it 1100 - lval 39.898826599121094
pretraining 1 - it 1200 - lval 35.8770751953125
pretraining 1 - it 1300 - lval 32.53294372558594
pretraining 1 - it 1400 - lval 29.759658813476562
pretraining 1 - it 1500 - lval 27.46757698059082
pretraining 1 - it 1600 - lval 25.57876968383789
pretraining 1 - it 1700 - lval 24.023433685302734
pretraining 1 - it 1800 - lval 22.738056182861328
pretraining 1 - it 1900 - lval 21.664875030517578
pretraining 1 - it 2000 - lval 20.75345802307129
pretraining 1 - it 2100 - lval 19.963043212890625
pretraining 1 - it 2200 - lval 19.263944625854492
pretraining 1 - it 2300 - lval 18.63578987121582
pretraining 1 - it 2400 - lval 18.06476593017578
pretraining 1 - it 2500 - lval 17.5414981842041
pretraining 1 - it 2600 - lval 17.0592041015625
pretraining 1 - it 2700 - lval 16.61302375793457
pretraining 1 - it 2800 - lval 16.1992244720459
pretraining 1 - it 2900 - lval 15.814679145812988
pretraining 1 - it 3000 - lval 15.456868171691895
pretraining 1 - it 3100 - lval 15.123682975769043
pretraining 1 - it 3200 - lval 14.813403129577637
pretraining 1 - it 3300 - lval 14.524567604064941
pretraining 1 - it 3400 - lval 14.255916595458984
pretraining 1 - it 3500 - lval 14.006348609924316
pretraining 1 - it 3600 - lval 13.774832725524902
pretraining 1 - it 3700 - lval 13.560392379760742
pretraining 1 - it 3800 - lval 13.362105369567871
pretraining 1 - it 3900 - lval 13.179032325744629
pretraining 1 - it 4000 - lval 13.010278701782227
pretraining 1 - it 4100 - lval 12.854949951171875
pretraining 1 - it 4200 - lval 12.712173461914062
pretraining 1 - it 4300 - lval 12.581092834472656
pretraining 1 - it 4400 - lval 12.4608736038208
pretraining 1 - it 4500 - lval 12.350724220275879
pretraining 1 - it 4600 - lval 12.249863624572754
pretraining 1 - it 4700 - lval 12.157533645629883
pretraining 1 - it 4800 - lval 12.073041915893555
pretraining 1 - it 4900 - lval 11.995707511901855
pretraining 1 - it 5000 - lval 11.924883842468262
pretraining 1 - it 5100 - lval 11.859986305236816
pretraining 1 - it 5200 - lval 11.800421714782715
pretraining 1 - it 5300 - lval 11.74569034576416
pretraining 1 - it 5400 - lval 11.695295333862305
pretraining 1 - it 5500 - lval 11.648805618286133
pretraining 1 - it 5600 - lval 11.605841636657715
pretraining 1 - it 5700 - lval 11.565980911254883
pretraining 1 - it 5800 - lval 11.528937339782715
pretraining 1 - it 5900 - lval 11.49437427520752
pretraining 1 - it 6000 - lval 11.462047576904297
pretraining 1 - it 6100 - lval 11.431744575500488
pretraining 1 - it 6200 - lval 11.40316104888916
pretraining 1 - it 6300 - lval 11.376148223876953
pretraining 1 - it 6400 - lval 11.350584983825684
pretraining 1 - it 6500 - lval 11.326247215270996
pretraining 1 - it 6600 - lval 11.303055763244629
pretraining 1 - it 6700 - lval 11.280805587768555
pretraining 1 - it 6800 - lval 11.259420394897461
pretraining 1 - it 6900 - lval 11.23894214630127
pretraining 1 - it 7000 - lval 11.21900749206543
pretraining 1 - it 7100 - lval 11.199889183044434
pretraining 1 - it 7200 - lval 11.181132316589355
pretraining 1 - it 7300 - lval 11.162949562072754
pretraining 1 - it 7400 - lval 11.14520263671875
pretraining 1 - it 7500 - lval 11.127765655517578
pretraining 1 - it 7600 - lval 11.110753059387207
pretraining 1 - it 7700 - lval 11.09390926361084
pretraining 1 - it 7800 - lval 11.077437400817871
pretraining 1 - it 7900 - lval 11.061062812805176
pretraining 1 - it 8000 - lval 11.044873237609863
pretraining 1 - it 8100 - lval 11.02881908416748
pretraining 1 - it 8200 - lval 11.012763977050781
pretraining 1 - it 8300 - lval 10.996834754943848
pretraining 1 - it 8400 - lval 10.98086166381836
pretraining 1 - it 8500 - lval 10.964942932128906
pretraining 1 - it 8600 - lval 10.948945045471191
pretraining 1 - it 8700 - lval 10.932889938354492
pretraining 1 - it 8800 - lval 10.916810989379883
pretraining 1 - it 8900 - lval 10.90060806274414
pretraining 1 - it 9000 - lval 10.884468078613281
pretraining 1 - it 9100 - lval 10.868364334106445
pretraining 1 - it 9200 - lval 10.852337837219238
pretraining 1 - it 9300 - lval 10.836614608764648
pretraining 1 - it 9400 - lval 10.821081161499023
pretraining 1 - it 9500 - lval 10.805963516235352
pretraining 1 - it 9600 - lval 10.791282653808594
pretraining 1 - it 9700 - lval 10.776905059814453
pretraining 1 - it 9800 - lval 10.7631196975708
pretraining 1 - it 9900 - lval 10.749678611755371
pretraining 1 - it 10000 - lval 10.736602783203125
pretraining 1 - it 10100 - lval 10.724045753479004
pretraining 1 - it 10200 - lval 10.711801528930664
pretraining 1 - it 10300 - lval 10.699878692626953
pretraining 1 - it 10400 - lval 10.688398361206055
pretraining 1 - it 10500 - lval 10.677145957946777
pretraining 1 - it 10600 - lval 10.666213035583496
pretraining 1 - it 10700 - lval 10.655599594116211
pretraining 1 - it 10800 - lval 10.645157814025879
pretraining 1 - it 10900 - lval 10.635017395019531
pretraining 1 - it 11000 - lval 10.625032424926758
pretraining 1 - it 11100 - lval 10.615229606628418
pretraining 1 - it 11200 - lval 10.605690002441406
pretraining 1 - it 11300 - lval 10.59622859954834
pretraining 1 - it 11400 - lval 10.586907386779785
pretraining 1 - it 11500 - lval 10.577813148498535
pretraining 1 - it 11600 - lval 10.568768501281738
terminating due to no improvement
pretraining 1 - it 11600 - lval 10.568768501281738
pretraining 2 - it 0 - lval 308.6934814453125
pretraining 2 - it 100 - lval 281.8617858886719
pretraining 2 - it 200 - lval 253.2788543701172
pretraining 2 - it 300 - lval 230.27296447753906
pretraining 2 - it 400 - lval 210.96311950683594
pretraining 2 - it 500 - lval 195.0928192138672
pretraining 2 - it 600 - lval 182.59161376953125
pretraining 2 - it 700 - lval 172.5364227294922
pretraining 2 - it 800 - lval 163.48269653320312
pretraining 2 - it 900 - lval 155.0352020263672
pretraining 2 - it 1000 - lval 147.72280883789062
pretraining 2 - it 1100 - lval 141.65396118164062
pretraining 2 - it 1200 - lval 136.66017150878906
pretraining 2 - it 1300 - lval 132.39268493652344
pretraining 2 - it 1400 - lval 128.5624237060547
pretraining 2 - it 1500 - lval 125.07416534423828
pretraining 2 - it 1600 - lval 121.86320495605469
pretraining 2 - it 1700 - lval 118.85836791992188
pretraining 2 - it 1800 - lval 116.02486419677734
pretraining 2 - it 1900 - lval 113.33863830566406
pretraining 2 - it 2000 - lval 110.77600860595703
pretraining 2 - it 2100 - lval 108.3184585571289
pretraining 2 - it 2200 - lval 105.95410919189453
pretraining 2 - it 2300 - lval 103.67256927490234
pretraining 2 - it 2400 - lval 101.46593475341797
pretraining 2 - it 2500 - lval 99.32737731933594
pretraining 2 - it 2600 - lval 97.2509994506836
pretraining 2 - it 2700 - lval 95.23212432861328
pretraining 2 - it 2800 - lval 93.26732635498047
pretraining 2 - it 2900 - lval 91.35397338867188
pretraining 2 - it 3000 - lval 89.49021911621094
pretraining 2 - it 3100 - lval 87.6745376586914
pretraining 2 - it 3200 - lval 85.90563201904297
pretraining 2 - it 3300 - lval 84.18228912353516
pretraining 2 - it 3400 - lval 82.50196838378906
pretraining 2 - it 3500 - lval 80.8584976196289
pretraining 2 - it 3600 - lval 79.2382583618164
pretraining 2 - it 3700 - lval 77.60894775390625
pretraining 2 - it 3800 - lval 75.9079360961914
pretraining 2 - it 3900 - lval 74.22075653076172
pretraining 2 - it 4000 - lval 72.64598083496094
pretraining 2 - it 4100 - lval 71.14653015136719
pretraining 2 - it 4200 - lval 69.70824432373047
pretraining 2 - it 4300 - lval 68.32801818847656
pretraining 2 - it 4400 - lval 67.00444030761719
pretraining 2 - it 4500 - lval 65.7361068725586
pretraining 2 - it 4600 - lval 64.52123260498047
pretraining 2 - it 4700 - lval 63.356048583984375
pretraining 2 - it 4800 - lval 62.23435974121094
pretraining 2 - it 4900 - lval 61.15111541748047
pretraining 2 - it 5000 - lval 60.10382843017578
pretraining 2 - it 5100 - lval 59.09134292602539
pretraining 2 - it 5200 - lval 58.11244583129883
pretraining 2 - it 5300 - lval 57.16562271118164
pretraining 2 - it 5400 - lval 56.24952697753906
pretraining 2 - it 5500 - lval 55.36302185058594
pretraining 2 - it 5600 - lval 54.50511169433594
pretraining 2 - it 5700 - lval 53.67485046386719
pretraining 2 - it 5800 - lval 52.871280670166016
pretraining 2 - it 5900 - lval 52.093482971191406
pretraining 2 - it 6000 - lval 51.34054183959961
pretraining 2 - it 6100 - lval 50.61155319213867
pretraining 2 - it 6200 - lval 49.905574798583984
pretraining 2 - it 6300 - lval 49.22169876098633
pretraining 2 - it 6400 - lval 48.55902862548828
pretraining 2 - it 6500 - lval 47.91672897338867
pretraining 2 - it 6600 - lval 47.293983459472656
pretraining 2 - it 6700 - lval 46.689998626708984
pretraining 2 - it 6800 - lval 46.1040153503418
pretraining 2 - it 6900 - lval 45.535282135009766
pretraining 2 - it 7000 - lval 44.983089447021484
pretraining 2 - it 7100 - lval 44.44678497314453
pretraining 2 - it 7200 - lval 43.92575454711914
pretraining 2 - it 7300 - lval 43.41943359375
pretraining 2 - it 7400 - lval 42.92728042602539
pretraining 2 - it 7500 - lval 42.448768615722656
pretraining 2 - it 7600 - lval 41.9833869934082
pretraining 2 - it 7700 - lval 41.5306510925293
pretraining 2 - it 7800 - lval 41.090110778808594
pretraining 2 - it 7900 - lval 40.66134262084961
pretraining 2 - it 8000 - lval 40.24395751953125
pretraining 2 - it 8100 - lval 39.83760452270508
pretraining 2 - it 8200 - lval 39.44194030761719
pretraining 2 - it 8300 - lval 39.056663513183594
pretraining 2 - it 8400 - lval 38.68147659301758
pretraining 2 - it 8500 - lval 38.31607437133789
pretraining 2 - it 8600 - lval 37.960166931152344
pretraining 2 - it 8700 - lval 37.61343002319336
pretraining 2 - it 8800 - lval 37.27555465698242
pretraining 2 - it 8900 - lval 36.946224212646484
pretraining 2 - it 9000 - lval 36.62510299682617
pretraining 2 - it 9100 - lval 36.31187438964844
pretraining 2 - it 9200 - lval 36.00624084472656
pretraining 2 - it 9300 - lval 35.70791244506836
pretraining 2 - it 9400 - lval 35.4166259765625
pretraining 2 - it 9500 - lval 35.13211441040039
pretraining 2 - it 9600 - lval 34.85414123535156
pretraining 2 - it 9700 - lval 34.58247375488281
pretraining 2 - it 9800 - lval 34.316890716552734
pretraining 2 - it 9900 - lval 34.05717086791992
pretraining 2 - it 10000 - lval 33.80306625366211
pretraining 2 - it 10100 - lval 33.5543212890625
pretraining 2 - it 10200 - lval 33.3106689453125
pretraining 2 - it 10300 - lval 33.071861267089844
pretraining 2 - it 10400 - lval 32.837650299072266
pretraining 2 - it 10500 - lval 32.60780715942383
pretraining 2 - it 10600 - lval 32.38212203979492
pretraining 2 - it 10700 - lval 32.16041564941406
pretraining 2 - it 10800 - lval 31.94253158569336
pretraining 2 - it 10900 - lval 31.728315353393555
pretraining 2 - it 11000 - lval 31.517627716064453
pretraining 2 - it 11100 - lval 31.31034278869629
pretraining 2 - it 11200 - lval 31.106348037719727
pretraining 2 - it 11300 - lval 30.905532836914062
pretraining 2 - it 11400 - lval 30.70778465270996
pretraining 2 - it 11500 - lval 30.51300621032715
pretraining 2 - it 11600 - lval 30.32107925415039
pretraining 2 - it 11700 - lval 30.131895065307617
pretraining 2 - it 11800 - lval 29.945343017578125
pretraining 2 - it 11900 - lval 29.761314392089844
pretraining 2 - it 12000 - lval 29.57969093322754
pretraining 2 - it 12100 - lval 29.40036392211914
pretraining 2 - it 12200 - lval 29.223222732543945
pretraining 2 - it 12300 - lval 29.048158645629883
pretraining 2 - it 12400 - lval 28.87507438659668
pretraining 2 - it 12500 - lval 28.703872680664062
pretraining 2 - it 12600 - lval 28.534467697143555
pretraining 2 - it 12700 - lval 28.36678123474121
pretraining 2 - it 12800 - lval 28.20072364807129
pretraining 2 - it 12900 - lval 28.036243438720703
pretraining 2 - it 13000 - lval 27.87328338623047
pretraining 2 - it 13100 - lval 27.711788177490234
pretraining 2 - it 13200 - lval 27.551719665527344
pretraining 2 - it 13300 - lval 27.393041610717773
pretraining 2 - it 13400 - lval 27.235736846923828
pretraining 2 - it 13500 - lval 27.07977294921875
pretraining 2 - it 13600 - lval 26.92513656616211
pretraining 2 - it 13700 - lval 26.77181053161621
pretraining 2 - it 13800 - lval 26.619794845581055
pretraining 2 - it 13900 - lval 26.469074249267578
pretraining 2 - it 14000 - lval 26.319658279418945
pretraining 2 - it 14100 - lval 26.171545028686523
pretraining 2 - it 14200 - lval 26.024730682373047
pretraining 2 - it 14300 - lval 25.879230499267578
pretraining 2 - it 14400 - lval 25.73504638671875
pretraining 2 - it 14500 - lval 25.59218406677246
pretraining 2 - it 14600 - lval 25.450658798217773
pretraining 2 - it 14700 - lval 25.31048011779785
pretraining 2 - it 14800 - lval 25.171659469604492
pretraining 2 - it 14900 - lval 25.03420639038086
pretraining 2 - it 15000 - lval 24.898134231567383
pretraining 2 - it 15100 - lval 24.763452529907227
pretraining 2 - it 15200 - lval 24.630178451538086
pretraining 2 - it 15300 - lval 24.498315811157227
pretraining 2 - it 15400 - lval 24.367881774902344
pretraining 2 - it 15500 - lval 24.238889694213867
pretraining 2 - it 15600 - lval 24.111358642578125
pretraining 2 - it 15700 - lval 23.98529815673828
pretraining 2 - it 15800 - lval 23.860729217529297
pretraining 2 - it 15900 - lval 23.737667083740234
pretraining 2 - it 16000 - lval 23.616127014160156
pretraining 2 - it 16100 - lval 23.49612808227539
pretraining 2 - it 16200 - lval 23.377681732177734
pretraining 2 - it 16300 - lval 23.26081085205078
pretraining 2 - it 16400 - lval 23.14552879333496
pretraining 2 - it 16500 - lval 23.031848907470703
pretraining 2 - it 16600 - lval 22.91979217529297
pretraining 2 - it 16700 - lval 22.80937385559082
pretraining 2 - it 16800 - lval 22.700605392456055
pretraining 2 - it 16900 - lval 22.593509674072266
pretraining 2 - it 17000 - lval 22.488096237182617
pretraining 2 - it 17100 - lval 22.384387969970703
pretraining 2 - it 17200 - lval 22.28239631652832
pretraining 2 - it 17300 - lval 22.182138442993164
pretraining 2 - it 17400 - lval 22.083627700805664
pretraining 2 - it 17500 - lval 21.986875534057617
pretraining 2 - it 17600 - lval 21.89189910888672
pretraining 2 - it 17700 - lval 21.7987060546875
pretraining 2 - it 17800 - lval 21.707311630249023
pretraining 2 - it 17900 - lval 21.617719650268555
pretraining 2 - it 18000 - lval 21.529943466186523
pretraining 2 - it 18100 - lval 21.443988800048828
pretraining 2 - it 18200 - lval 21.35986328125
pretraining 2 - it 18300 - lval 21.27756690979004
pretraining 2 - it 18400 - lval 21.197111129760742
pretraining 2 - it 18500 - lval 21.118497848510742
pretraining 2 - it 18600 - lval 21.041723251342773
pretraining 2 - it 18700 - lval 20.966793060302734
pretraining 2 - it 18800 - lval 20.89370346069336
pretraining 2 - it 18900 - lval 20.82244873046875
pretraining 2 - it 19000 - lval 20.753028869628906
pretraining 2 - it 19100 - lval 20.685434341430664
pretraining 2 - it 19200 - lval 20.619661331176758
pretraining 2 - it 19300 - lval 20.555696487426758
pretraining 2 - it 19400 - lval 20.4935302734375
pretraining 2 - it 19500 - lval 20.43314552307129
pretraining 2 - it 19600 - lval 20.374536514282227
pretraining 2 - it 19700 - lval 20.31767463684082
pretraining 2 - it 19800 - lval 20.262550354003906
pretraining 2 - it 19900 - lval 20.209138870239258
pretraining 2 - it 20000 - lval 20.157421112060547
pretraining 2 - it 20100 - lval 20.107372283935547
pretraining 2 - it 20200 - lval 20.05896759033203
pretraining 2 - it 20300 - lval 20.012178421020508
pretraining 2 - it 20400 - lval 19.96697998046875
pretraining 2 - it 20500 - lval 19.92333984375
pretraining 2 - it 20600 - lval 19.88123321533203
pretraining 2 - it 20700 - lval 19.840620040893555
pretraining 2 - it 20800 - lval 19.801471710205078
pretraining 2 - it 20900 - lval 19.763755798339844
pretraining 2 - it 21000 - lval 19.727434158325195
pretraining 2 - it 21100 - lval 19.692472457885742
pretraining 2 - it 21200 - lval 19.65883445739746
pretraining 2 - it 21300 - lval 19.626483917236328
pretraining 2 - it 21400 - lval 19.595380783081055
pretraining 2 - it 21500 - lval 19.56549072265625
pretraining 2 - it 21600 - lval 19.536773681640625
pretraining 2 - it 21700 - lval 19.509193420410156
pretraining 2 - it 21800 - lval 19.482707977294922
pretraining 2 - it 21900 - lval 19.457284927368164
pretraining 2 - it 22000 - lval 19.43288230895996
pretraining 2 - it 22100 - lval 19.40946388244629
pretraining 2 - it 22200 - lval 19.386991500854492
pretraining 2 - it 22300 - lval 19.365428924560547
pretraining 2 - it 22400 - lval 19.344743728637695
pretraining 2 - it 22500 - lval 19.324893951416016
pretraining 2 - it 22600 - lval 19.305850982666016
pretraining 2 - it 22700 - lval 19.287574768066406
pretraining 2 - it 22800 - lval 19.270036697387695
pretraining 2 - it 22900 - lval 19.253202438354492
pretraining 2 - it 23000 - lval 19.23703956604004
pretraining 2 - it 23100 - lval 19.221519470214844
pretraining 2 - it 23200 - lval 19.20660972595215
pretraining 2 - it 23300 - lval 19.192285537719727
pretraining 2 - it 23400 - lval 19.178510665893555
pretraining 2 - it 23500 - lval 19.165267944335938
pretraining 2 - it 23600 - lval 19.15252685546875
pretraining 2 - it 23700 - lval 19.140262603759766
pretraining 2 - it 23800 - lval 19.128448486328125
pretraining 2 - it 23900 - lval 19.117069244384766
pretraining 2 - it 24000 - lval 19.106094360351562
pretraining 2 - it 24100 - lval 19.09550666809082
pretraining 2 - it 24200 - lval 19.08528709411621
pretraining 2 - it 24300 - lval 19.075414657592773
pretraining 2 - it 24400 - lval 19.065872192382812
pretraining 2 - it 24500 - lval 19.056638717651367
pretraining 2 - it 24600 - lval 19.047700881958008
pretraining 2 - it 24700 - lval 19.039043426513672
pretraining 2 - it 24800 - lval 19.030649185180664
pretraining 2 - it 24900 - lval 19.022502899169922
terminating due to no improvement
pretraining 2 - it 24900 - lval 19.022502899169922
pretraining 3 - it 0 - lval 287.9060363769531
pretraining 3 - it 100 - lval 266.0334777832031
pretraining 3 - it 200 - lval 241.58985900878906
pretraining 3 - it 300 - lval 221.7142791748047
pretraining 3 - it 400 - lval 205.33700561523438
pretraining 3 - it 500 - lval 191.4849853515625
pretraining 3 - it 600 - lval 179.96624755859375
pretraining 3 - it 700 - lval 170.60523986816406
pretraining 3 - it 800 - lval 162.76358032226562
pretraining 3 - it 900 - lval 155.99781799316406
pretraining 3 - it 1000 - lval 149.93356323242188
pretraining 3 - it 1100 - lval 144.3526153564453
pretraining 3 - it 1200 - lval 139.4496307373047
pretraining 3 - it 1300 - lval 135.4295654296875
pretraining 3 - it 1400 - lval 132.12916564941406
pretraining 3 - it 1500 - lval 129.2653045654297
pretraining 3 - it 1600 - lval 126.64041900634766
pretraining 3 - it 1700 - lval 124.16146087646484
pretraining 3 - it 1800 - lval 121.77545928955078
pretraining 3 - it 1900 - lval 119.45245361328125
pretraining 3 - it 2000 - lval 117.18189239501953
pretraining 3 - it 2100 - lval 114.96733856201172
pretraining 3 - it 2200 - lval 112.81612396240234
pretraining 3 - it 2300 - lval 110.72798919677734
pretraining 3 - it 2400 - lval 108.69820404052734
pretraining 3 - it 2500 - lval 106.72052001953125
pretraining 3 - it 2600 - lval 104.79290771484375
pretraining 3 - it 2700 - lval 102.91741943359375
pretraining 3 - it 2800 - lval 101.0955810546875
pretraining 3 - it 2900 - lval 99.32451629638672
pretraining 3 - it 3000 - lval 97.59979248046875
pretraining 3 - it 3100 - lval 95.91914367675781
pretraining 3 - it 3200 - lval 94.28114318847656
pretraining 3 - it 3300 - lval 92.684814453125
pretraining 3 - it 3400 - lval 91.12940979003906
pretraining 3 - it 3500 - lval 89.61417388916016
pretraining 3 - it 3600 - lval 88.13838195800781
pretraining 3 - it 3700 - lval 86.70137023925781
pretraining 3 - it 3800 - lval 85.30233001708984
pretraining 3 - it 3900 - lval 83.94071197509766
pretraining 3 - it 4000 - lval 82.61577606201172
pretraining 3 - it 4100 - lval 81.32676696777344
pretraining 3 - it 4200 - lval 80.07291412353516
pretraining 3 - it 4300 - lval 78.85335540771484
pretraining 3 - it 4400 - lval 77.66743469238281
pretraining 3 - it 4500 - lval 76.51441192626953
pretraining 3 - it 4600 - lval 75.3935546875
pretraining 3 - it 4700 - lval 74.30413055419922
pretraining 3 - it 4800 - lval 73.24539184570312
pretraining 3 - it 4900 - lval 72.216552734375
pretraining 3 - it 5000 - lval 71.21683502197266
pretraining 3 - it 5100 - lval 70.24543762207031
pretraining 3 - it 5200 - lval 69.30168914794922
pretraining 3 - it 5300 - lval 68.3847885131836
pretraining 3 - it 5400 - lval 67.49395751953125
pretraining 3 - it 5500 - lval 66.62845611572266
pretraining 3 - it 5600 - lval 65.78750610351562
pretraining 3 - it 5700 - lval 64.97039031982422
pretraining 3 - it 5800 - lval 64.1764144897461
pretraining 3 - it 5900 - lval 63.404903411865234
pretraining 3 - it 6000 - lval 62.65521240234375
pretraining 3 - it 6100 - lval 61.926700592041016
pretraining 3 - it 6200 - lval 61.21875762939453
pretraining 3 - it 6300 - lval 60.530792236328125
pretraining 3 - it 6400 - lval 59.862213134765625
pretraining 3 - it 6500 - lval 59.21247482299805
pretraining 3 - it 6600 - lval 58.58104705810547
pretraining 3 - it 6700 - lval 57.96738052368164
pretraining 3 - it 6800 - lval 57.371009826660156
pretraining 3 - it 6900 - lval 56.79147720336914
pretraining 3 - it 7000 - lval 56.22833251953125
pretraining 3 - it 7100 - lval 55.681148529052734
pretraining 3 - it 7200 - lval 55.14949417114258
pretraining 3 - it 7300 - lval 54.63295364379883
pretraining 3 - it 7400 - lval 54.13108444213867
pretraining 3 - it 7500 - lval 53.643497467041016
pretraining 3 - it 7600 - lval 53.169803619384766
pretraining 3 - it 7700 - lval 52.70962905883789
pretraining 3 - it 7800 - lval 52.26261901855469
pretraining 3 - it 7900 - lval 51.82843017578125
pretraining 3 - it 8000 - lval 51.40669631958008
pretraining 3 - it 8100 - lval 50.99708938598633
pretraining 3 - it 8200 - lval 50.599273681640625
pretraining 3 - it 8300 - lval 50.212886810302734
pretraining 3 - it 8400 - lval 49.83758544921875
pretraining 3 - it 8500 - lval 49.47301483154297
pretraining 3 - it 8600 - lval 49.11882400512695
pretraining 3 - it 8700 - lval 48.774662017822266
pretraining 3 - it 8800 - lval 48.44017791748047
pretraining 3 - it 8900 - lval 48.11500930786133
pretraining 3 - it 9000 - lval 47.79877853393555
pretraining 3 - it 9100 - lval 47.4911003112793
pretraining 3 - it 9200 - lval 47.191593170166016
pretraining 3 - it 9300 - lval 46.89989471435547
pretraining 3 - it 9400 - lval 46.615631103515625
pretraining 3 - it 9500 - lval 46.33843994140625
pretraining 3 - it 9600 - lval 46.06796646118164
pretraining 3 - it 9700 - lval 45.80384063720703
pretraining 3 - it 9800 - lval 45.54572677612305
pretraining 3 - it 9900 - lval 45.29328155517578
pretraining 3 - it 10000 - lval 45.04616928100586
pretraining 3 - it 10100 - lval 44.80406188964844
pretraining 3 - it 10200 - lval 44.56663131713867
pretraining 3 - it 10300 - lval 44.33356857299805
pretraining 3 - it 10400 - lval 44.10456085205078
pretraining 3 - it 10500 - lval 43.879310607910156
pretraining 3 - it 10600 - lval 43.657535552978516
pretraining 3 - it 10700 - lval 43.438961029052734
pretraining 3 - it 10800 - lval 43.22333526611328
pretraining 3 - it 10900 - lval 43.010414123535156
pretraining 3 - it 11000 - lval 42.79997634887695
pretraining 3 - it 11100 - lval 42.591835021972656
pretraining 3 - it 11200 - lval 42.385807037353516
pretraining 3 - it 11300 - lval 42.181739807128906
pretraining 3 - it 11400 - lval 41.979488372802734
pretraining 3 - it 11500 - lval 41.77893829345703
pretraining 3 - it 11600 - lval 41.579994201660156
pretraining 3 - it 11700 - lval 41.38257598876953
pretraining 3 - it 11800 - lval 41.186614990234375
pretraining 3 - it 11900 - lval 40.9920654296875
pretraining 3 - it 12000 - lval 40.79888916015625
pretraining 3 - it 12100 - lval 40.607059478759766
pretraining 3 - it 12200 - lval 40.416561126708984
pretraining 3 - it 12300 - lval 40.22738265991211
pretraining 3 - it 12400 - lval 40.039527893066406
pretraining 3 - it 12500 - lval 39.85300064086914
pretraining 3 - it 12600 - lval 39.667808532714844
pretraining 3 - it 12700 - lval 39.48397445678711
pretraining 3 - it 12800 - lval 39.301513671875
pretraining 3 - it 12900 - lval 39.12044143676758
pretraining 3 - it 13000 - lval 38.940792083740234
pretraining 3 - it 13100 - lval 38.76258850097656
pretraining 3 - it 13200 - lval 38.585853576660156
pretraining 3 - it 13300 - lval 38.41061782836914
pretraining 3 - it 13400 - lval 38.236915588378906
pretraining 3 - it 13500 - lval 38.06477737426758
pretraining 3 - it 13600 - lval 37.89423370361328
pretraining 3 - it 13700 - lval 37.725318908691406
pretraining 3 - it 13800 - lval 37.558067321777344
pretraining 3 - it 13900 - lval 37.392513275146484
pretraining 3 - it 14000 - lval 37.22869110107422
pretraining 3 - it 14100 - lval 37.06663513183594
pretraining 3 - it 14200 - lval 36.90637969970703
pretraining 3 - it 14300 - lval 36.747962951660156
pretraining 3 - it 14400 - lval 36.59141159057617
pretraining 3 - it 14500 - lval 36.436763763427734
pretraining 3 - it 14600 - lval 36.28404998779297
pretraining 3 - it 14700 - lval 36.13330841064453
pretraining 3 - it 14800 - lval 35.98456573486328
pretraining 3 - it 14900 - lval 35.837852478027344
pretraining 3 - it 15000 - lval 35.693199157714844
pretraining 3 - it 15100 - lval 35.55063247680664
pretraining 3 - it 15200 - lval 35.410186767578125
pretraining 3 - it 15300 - lval 35.271873474121094
pretraining 3 - it 15400 - lval 35.1357307434082
pretraining 3 - it 15500 - lval 35.00177764892578
pretraining 3 - it 15600 - lval 34.870033264160156
pretraining 3 - it 15700 - lval 34.74052047729492
pretraining 3 - it 15800 - lval 34.61325454711914
pretraining 3 - it 15900 - lval 34.488258361816406
pretraining 3 - it 16000 - lval 34.365543365478516
pretraining 3 - it 16100 - lval 34.245121002197266
pretraining 3 - it 16200 - lval 34.127010345458984
pretraining 3 - it 16300 - lval 34.011207580566406
pretraining 3 - it 16400 - lval 33.89773178100586
pretraining 3 - it 16500 - lval 33.78657913208008
pretraining 3 - it 16600 - lval 33.67775344848633
pretraining 3 - it 16700 - lval 33.571258544921875
pretraining 3 - it 16800 - lval 33.46708679199219
pretraining 3 - it 16900 - lval 33.36524200439453
pretraining 3 - it 17000 - lval 33.26571273803711
pretraining 3 - it 17100 - lval 33.16849899291992
pretraining 3 - it 17200 - lval 33.07358169555664
pretraining 3 - it 17300 - lval 32.980953216552734
pretraining 3 - it 17400 - lval 32.890602111816406
pretraining 3 - it 17500 - lval 32.80250930786133
pretraining 3 - it 17600 - lval 32.7166633605957